<?xml version="1.0" encoding="UTF-8"?>
<!-- Generated by org.testng.reporters.JUnitReportReporter -->
<testsuite skipped="0" hostname="CHETPDT011" name="Proleaz.project.VerifyLogin" tests="1" failures="0" timestamp="07 May 2019 06:58:46 GMT" time="14.582" errors="0">
  <testcase name="validLogin" time="14.582" classname="Proleaz.project.VerifyLogin"/>
</testsuite> <!-- Proleaz.project.VerifyLogin -->
