<?xml version="1.0" encoding="UTF-8"?>
<!-- Generated by org.testng.reporters.JUnitReportReporter -->
<testsuite skipped="0" hostname="CHETPDT011" name="testcases.RestAPI" tests="1" failures="0" timestamp="27 Sep 2019 12:14:46 GMT" time="8.178" errors="0">
  <testcase name="getDetails" time="8.178" classname="testcases.RestAPI"/>
</testsuite> <!-- testcases.RestAPI -->
