<?xml version="1.0" encoding="UTF-8"?>
<!-- Generated by org.testng.reporters.JUnitReportReporter -->
<testsuite skipped="0" hostname="CHETPDT011" name="testcases.VerifyFRLeaseCreation" tests="1" failures="0" timestamp="16 Aug 2019 10:16:24 GMT" time="33.372" errors="0">
  <testcase name="createFRLease" time="33.372" classname="testcases.VerifyFRLeaseCreation"/>
</testsuite> <!-- testcases.VerifyFRLeaseCreation -->
