<?xml version="1.0" encoding="UTF-8"?>
<!-- Generated by org.testng.reporters.JUnitReportReporter -->
<testsuite skipped="0" hostname="CHETPDT011" name="testcases.VerifyPortfolio" tests="1" failures="0" timestamp="09 Aug 2019 09:07:08 GMT" time="27.099" errors="0">
  <testcase name="verifyPortfolioIsSaved" time="27.099" classname="testcases.VerifyPortfolio"/>
</testsuite> <!-- testcases.VerifyPortfolio -->
