<?xml version="1.0" encoding="UTF-8"?>
<!-- Generated by org.testng.reporters.JUnitReportReporter -->
<testsuite skipped="0" hostname="CHETPDT011" name="Proleaz.project.VerifyInvalidLogin" tests="4" failures="0" timestamp="22 Apr 2019 10:34:35 GMT" time="41.703" errors="0">
  <testcase name="invalidLogin" time="10.625" classname="Proleaz.project.VerifyInvalidLogin"/>
  <testcase name="invalidLogin" time="11.157" classname="Proleaz.project.VerifyInvalidLogin"/>
  <testcase name="invalidLogin" time="10.741" classname="Proleaz.project.VerifyInvalidLogin"/>
  <testcase name="invalidLogin" time="9.180" classname="Proleaz.project.VerifyInvalidLogin"/>
</testsuite> <!-- Proleaz.project.VerifyInvalidLogin -->
