<?xml version="1.0" encoding="UTF-8"?>
<!-- Generated by org.testng.reporters.JUnitReportReporter -->
<testsuite skipped="0" hostname="CHETPDT011" name="wrappers.GetExcelData" tests="3" failures="0" timestamp="26 Sep 2019 09:48:20 GMT" time="0.021" errors="0">
  <testcase name="printExcelData" time="0.013" classname="wrappers.GetExcelData"/>
  <testcase name="printExcelData" time="0.002" classname="wrappers.GetExcelData"/>
  <testcase name="printExcelData" time="0.006" classname="wrappers.GetExcelData"/>
</testsuite> <!-- wrappers.GetExcelData -->
