<?xml version="1.0" encoding="UTF-8"?>
<!-- Generated by org.testng.reporters.JUnitReportReporter -->
<testsuite skipped="0" hostname="CHETPDT011" name="testcases.VerifyInvalidLogin" tests="3" failures="0" timestamp="25 Sep 2019 11:09:42 GMT" time="35.478" errors="0">
  <testcase name="invalidLogin" time="11.790" classname="testcases.VerifyInvalidLogin"/>
  <testcase name="invalidLogin" time="12.557" classname="testcases.VerifyInvalidLogin"/>
  <testcase name="invalidLogin" time="11.131" classname="testcases.VerifyInvalidLogin"/>
</testsuite> <!-- testcases.VerifyInvalidLogin -->
