<?xml version="1.0" encoding="UTF-8"?>
<!-- Generated by org.testng.reporters.JUnitReportReporter -->
<testsuite skipped="0" hostname="CHETPDT011" name="testcases.RestAPI" tests="1" failures="0" timestamp="10 Oct 2019 06:50:56 GMT" time="3.205" errors="0">
  <testcase name="getDetails" time="3.205" classname="testcases.RestAPI"/>
</testsuite> <!-- testcases.RestAPI -->
