<?xml version="1.0" encoding="UTF-8"?>
<!-- Generated by org.testng.reporters.JUnitReportReporter -->
<testsuite skipped="0" hostname="CHETPDT011" name="testcases.VerifyLogin" tests="1" failures="0" timestamp="08 Oct 2019 06:37:23 GMT" time="42.336" errors="0">
  <testcase name="validLogin" time="42.336" classname="testcases.VerifyLogin"/>
</testsuite> <!-- testcases.VerifyLogin -->
