<?xml version="1.0" encoding="UTF-8"?>
<!-- Generated by org.testng.reporters.JUnitReportReporter -->
<testsuite skipped="0" hostname="CHETPDT011" name="Proleaz.project.VerifyInvalidLogin" tests="4" failures="0" timestamp="07 May 2019 06:36:33 GMT" time="37.919" errors="0">
  <testcase name="invalidLogin" time="10.472" classname="Proleaz.project.VerifyInvalidLogin"/>
  <testcase name="invalidLogin" time="9.130" classname="Proleaz.project.VerifyInvalidLogin"/>
  <testcase name="invalidLogin" time="8.846" classname="Proleaz.project.VerifyInvalidLogin"/>
  <testcase name="invalidLogin" time="9.471" classname="Proleaz.project.VerifyInvalidLogin"/>
</testsuite> <!-- Proleaz.project.VerifyInvalidLogin -->
