<?xml version="1.0" encoding="UTF-8"?>
<!-- Generated by org.testng.reporters.JUnitReportReporter -->
<testsuite skipped="0" hostname="CHETPDT011" name="Proleaz.project.VerifyPortfolio" tests="1" failures="0" timestamp="07 May 2019 06:56:42 GMT" time="26.977" errors="0">
  <testcase name="verifyPortfolioIsSaved" time="26.977" classname="Proleaz.project.VerifyPortfolio"/>
</testsuite> <!-- Proleaz.project.VerifyPortfolio -->
