<?xml version="1.0" encoding="UTF-8"?>
<!-- Generated by org.testng.reporters.JUnitReportReporter -->
<testsuite skipped="0" hostname="CHETPDT011" name="testcases.WebTable" tests="1" failures="0" timestamp="12 Aug 2019 09:43:37 GMT" time="30.433" errors="0">
  <testcase name="verifyPortfolioIsSaved" time="30.433" classname="testcases.WebTable"/>
</testsuite> <!-- testcases.WebTable -->
