<?xml version="1.0" encoding="UTF-8"?>
<!-- Generated by org.testng.reporters.JUnitReportReporter -->
<testsuite skipped="0" hostname="CHETPDT011" name="wrappers.B" tests="1" failures="0" timestamp="30 Sep 2019 08:47:07 GMT" time="0.019" errors="0">
  <testcase name="print" time="0.019" classname="wrappers.B"/>
</testsuite> <!-- wrappers.B -->
