<?xml version="1.0" encoding="UTF-8"?>
<!-- Generated by org.testng.reporters.JUnitReportReporter -->
<testsuite skipped="0" hostname="CHETPDT011" name="Proleaz.project.VerifyDeletePortfolio" tests="1" failures="0" timestamp="24 Apr 2019 13:47:50 GMT" time="28.702" errors="0">
  <testcase name="deletePortfolio" time="28.702" classname="Proleaz.project.VerifyDeletePortfolio"/>
</testsuite> <!-- Proleaz.project.VerifyDeletePortfolio -->
