<?xml version="1.0" encoding="UTF-8"?>
<!-- Generated by org.testng.reporters.JUnitReportReporter -->
<testsuite skipped="0" hostname="CHETPDT011" name="wrappers.TestClass" tests="1" failures="0" timestamp="30 Sep 2019 08:39:54 GMT" time="0.031" errors="0">
  <testcase name="print" time="0.031" classname="wrappers.TestClass"/>
</testsuite> <!-- wrappers.TestClass -->
