<?xml version="1.0" encoding="UTF-8"?>
<!-- Generated by org.testng.reporters.JUnitReportReporter -->
<testsuite skipped="0" hostname="CHETPDT011" name="Proleaz.project.VerifyDeletePortfolio" tests="1" failures="0" timestamp="07 May 2019 06:45:35 GMT" time="33.454" errors="0">
  <testcase name="deletePortfolio" time="33.454" classname="Proleaz.project.VerifyDeletePortfolio"/>
</testsuite> <!-- Proleaz.project.VerifyDeletePortfolio -->
