<?xml version="1.0" encoding="UTF-8"?>
<!-- Generated by org.testng.reporters.JUnitReportReporter -->
<testsuite skipped="0" hostname="CHETPDT011" name="wrappers.SS" tests="1" failures="0" timestamp="10 Oct 2019 10:39:07 GMT" time="15.715" errors="0">
  <testcase name="takescreenShot" time="15.715" classname="wrappers.SS"/>
</testsuite> <!-- wrappers.SS -->
