<?xml version="1.0" encoding="UTF-8"?>
<!-- Generated by org.testng.reporters.JUnitReportReporter -->
<testsuite skipped="0" hostname="CHETPDT011" name="Proleaz.project.TestLaunchBrowser" tests="3" failures="0" timestamp="30 Mar 2019 09:41:59 GMT" time="0.022" errors="0">
  <testcase name="print" time="0.003" classname="Proleaz.project.TestLaunchBrowser"/>
  <testcase name="print" time="0.012" classname="Proleaz.project.TestLaunchBrowser"/>
  <testcase name="print" time="0.007" classname="Proleaz.project.TestLaunchBrowser"/>
</testsuite> <!-- Proleaz.project.TestLaunchBrowser -->
