<?xml version="1.0" encoding="UTF-8"?>
<!-- Generated by org.testng.reporters.JUnitReportReporter -->
<testsuite skipped="0" hostname="CHETPDT011" name="testcases.TestNG" tests="3" failures="0" timestamp="25 Sep 2019 07:31:43 GMT" time="0.032" errors="0">
  <testcase name="test1" time="0.016" classname="testcases.TestNG"/>
  <testcase name="test2" time="0.016" classname="testcases.TestNG"/>
  <testcase name="test3" time="0.000" classname="testcases.TestNG"/>
</testsuite> <!-- testcases.TestNG -->
