<?xml version="1.0" encoding="UTF-8"?>
<!-- Generated by org.testng.reporters.JUnitReportReporter -->
<testsuite skipped="0" hostname="CHETPDT011" name="wrappers.FindAllLink" tests="1" failures="0" timestamp="24 Sep 2019 05:39:44 GMT" time="14.827" errors="0">
  <testcase name="getLinks" time="14.827" classname="wrappers.FindAllLink"/>
</testsuite> <!-- wrappers.FindAllLink -->
