<?xml version="1.0" encoding="UTF-8"?>
<!-- Generated by org.testng.reporters.JUnitReportReporter -->
<testsuite skipped="0" hostname="CHETPDT011" name="testcases.VerifyEditPortfolio" tests="1" failures="0" timestamp="09 Aug 2019 06:53:18 GMT" time="31.361" errors="0">
  <testcase name="editPortfolioSave" time="31.361" classname="testcases.VerifyEditPortfolio"/>
</testsuite> <!-- testcases.VerifyEditPortfolio -->
