<?xml version="1.0" encoding="UTF-8"?>
<!-- Generated by org.testng.reporters.JUnitReportReporter -->
<testsuite skipped="0" hostname="CHETPDT011" name="testcases.VerifyDeletePortfolio" tests="1" failures="0" timestamp="09 Aug 2019 09:07:52 GMT" time="33.940" errors="0">
  <testcase name="deletePortfolio" time="33.940" classname="testcases.VerifyDeletePortfolio"/>
</testsuite> <!-- testcases.VerifyDeletePortfolio -->
