<?xml version="1.0" encoding="UTF-8"?>
<!-- Generated by org.testng.reporters.JUnitReportReporter -->
<testsuite skipped="0" hostname="CHETPDT011" name="testcases.TestObjecRep" tests="1" failures="0" timestamp="08 Oct 2019 05:47:38 GMT" time="0.027" errors="0">
  <testcase name="objRep" time="0.027" classname="testcases.TestObjecRep"/>
</testsuite> <!-- testcases.TestObjecRep -->
