<?xml version="1.0" encoding="UTF-8"?>
<!-- Generated by org.testng.reporters.JUnitReportReporter -->
<testsuite skipped="0" hostname="CHETPDT011" name="Proleaz.project.VerifyEditPortfolio" tests="1" failures="0" timestamp="24 Apr 2019 13:24:32 GMT" time="29.259" errors="0">
  <testcase name="editPortfolioSave" time="29.259" classname="Proleaz.project.VerifyEditPortfolio"/>
</testsuite> <!-- Proleaz.project.VerifyEditPortfolio -->
