<?xml version="1.0" encoding="UTF-8"?>
<!-- Generated by org.testng.reporters.JUnitReportReporter -->
<testsuite skipped="0" hostname="CHETPDT011" name="Proleaz.project.VerifyLogin" tests="1" failures="0" timestamp="22 Apr 2019 10:32:56 GMT" time="15.989" errors="0">
  <testcase name="validLogin" time="15.989" classname="Proleaz.project.VerifyLogin"/>
</testsuite> <!-- Proleaz.project.VerifyLogin -->
